Arguments: 
  /Users/rahulchauhan/.nvm/versions/node/v14.18.0/bin/node /Users/rahulchauhan/.nvm/versions/node/v14.18.0/bin/yarnpkg install

PATH: 
  /Users/rahulchauhan/.npm/_npx/62062/bin:/Users/rahulchauhan/node_modules/.bin:/Users/rahulchauhan/.nvm/versions/node/v14.18.0/bin:/opt/homebrew/opt/mysql@5.7/bin:/opt/homebrew/opt/mysql@5.7/bin:/opt/homebrew/bin:/opt/homebrew/sbin:/usr/local/bin:/usr/bin:/bin:/usr/sbin:/sbin:/Library/Apple/usr/bin:/usr/local/mysql/bin/

Yarn version: 
  1.22.15

Node version: 
  14.18.0

Platform: 
  darwin x64

Trace: 
  Error: read ECONNRESET
      at TLSWrap.onStreamRead (internal/stream_base_commons.js:209:20)

npm manifest: 
  {
    "name": "deliveroo_clone",
    "version": "1.0.0",
    "main": "node_modules/expo/AppEntry.js",
    "scripts": {
      "start": "expo start",
      "android": "expo start --android",
      "ios": "expo start --ios",
      "web": "expo start --web"
    },
    "dependencies": {
      "expo": "~46.0.9",
      "expo-status-bar": "~1.4.0",
      "react": "18.0.0",
      "react-native": "0.69.5"
    },
    "devDependencies": {
      "@babel/core": "^7.12.9"
    },
    "private": true
  }

yarn manifest: 
  No manifest

Lockfile: 
  No lockfile
